<?xml version="1.0" encoding="utf-8"?><testsuites name="pytest tests"><testsuite name="pytest" errors="0" failures="0" skipped="0" tests="6" time="1.022" timestamp="2026-05-05T06:00:00.118537+00:00" hostname="agent-env-d50a5704-ed10-4f17-b041-4166c7e34b2d"><testcase classname="backend.tests.test_mercsoft_api" name="test_root_status" time="0.215" /><testcase classname="backend.tests.test_mercsoft_api" name="test_config_returns_phone_and_email" time="0.128" /><testcase classname="backend.tests.test_mercsoft_api" name="test_contact_missing_required_fields_returns_422" time="0.109" /><testcase classname="backend.tests.test_mercsoft_api" name="test_contact_invalid_email_returns_422" time="0.139" /><testcase classname="backend.tests.test_mercsoft_api" name="test_contact_empty_recaptcha_token_returns_422" time="0.104" /><testcase classname="backend.tests.test_mercsoft_api" name="test_contact_bogus_recaptcha_returns_400" time="0.203" /></testsuite></testsuites>